redpacketlibrary/build/outputs/logs/manifest-merger-debug-report.txt
-- Merging decision tree log ---
manifest
ADDED from Beyou\redpacketlibrary\AndroidManifest.xml:1:1-9:12
INJECTED from Beyou\redpacketlibrary\AndroidManifest.xml:1:1-9:12
INJECTED from Beyou\redpacketlibrary\AndroidManifest.xml:1:1-9:12
INJECTED from Beyou\redpacketlibrary\AndroidManifest.xml:1:1-9:12
INJECTED from Beyou\redpacketlibrary\AndroidManifest.xml:1:1-9:12
INJECTED from Beyou\redpacketlibrary\AndroidManifest.xml:1:1-9:12
INJECTED from Beyou\redpacketlibrary\AndroidManifest.xml:1:1-9:12
	package
		ADDED from Beyou\redpacketlibrary\AndroidManifest.xml:1:11-42
		INJECTED from Beyou\redpacketlibrary\AndroidManifest.xml
		INJECTED from Beyou\redpacketlibrary\AndroidManifest.xml
	android:versionName
		INJECTED from Beyou\redpacketlibrary\AndroidManifest.xml
		ADDED from Beyou\redpacketlibrary\AndroidManifest.xml:1:1-9:12
		INJECTED from Beyou\redpacketlibrary\AndroidManifest.xml
	android:versionCode
		INJECTED from Beyou\redpacketlibrary\AndroidManifest.xml
		ADDED from Beyou\redpacketlibrary\AndroidManifest.xml:1:1-9:12
		INJECTED from Beyou\redpacketlibrary\AndroidManifest.xml
	xmlns:android
		ADDED from Beyou\redpacketlibrary\AndroidManifest.xml:2:11-69
uses-sdk
ADDED from Beyou\redpacketlibrary\AndroidManifest.xml:5:5-7:41
INJECTED from Beyou\redpacketlibrary\AndroidManifest.xml:5:5-7:41
INJECTED from Beyou\redpacketlibrary\AndroidManifest.xml:5:5-7:41
INJECTED from Beyou\redpacketlibrary\AndroidManifest.xml:5:5-7:41
INJECTED from Beyou\redpacketlibrary\AndroidManifest.xml:5:5-7:41
	android:targetSdkVersion
		ADDED from Beyou\redpacketlibrary\AndroidManifest.xml:7:9-38
		INJECTED from Beyou\redpacketlibrary\AndroidManifest.xml
		INJECTED from Beyou\redpacketlibrary\AndroidManifest.xml
	android:minSdkVersion
		ADDED from Beyou\redpacketlibrary\AndroidManifest.xml:6:9-35
		INJECTED from Beyou\redpacketlibrary\AndroidManifest.xml
		INJECTED from Beyou\redpacketlibrary\AndroidManifest.xml